DEBUG AWT-EventQueue-0 Converter.ModelController.Controller.DB.Relational.Operations.SqlPrintOperations - style 'American-Style Barley Wine Ale'
DEBUG AWT-EventQueue-0 Converter.ModelController.Controller.DB.Relational.Operations.SqlPrintOperations - beer_PK '2d351d838f6f4c6db07d365981006e64'
DEBUG AWT-EventQueue-0 Converter.ModelController.Controller.DB.Relational.Operations.SqlPrintOperations - brewery_id '2'
DEBUG AWT-EventQueue-0 Converter.ModelController.Controller.DB.Relational.Operations.SqlPrintOperations - category 'North American Ale'
DEBUG AWT-EventQueue-0 Converter.ModelController.Controller.DB.Relational.Operations.SqlPrintOperations - ibu '0'
DEBUG AWT-EventQueue-0 Converter.ModelController.Controller.DB.Relational.Operations.SqlPrintOperations - updated '2010-01-22 20:00:20'
DEBUG AWT-EventQueue-0 Converter.ModelController.Controller.DB.Relational.Operations.SqlPrintOperations - srm '0'
DEBUG AWT-EventQueue-0 Converter.ModelController.Controller.DB.Relational.Operations.SqlPrintOperations - End insert script generation
INFO AWT-EventQueue-0 org.lightcouch.CouchDbClient - > GET/many2manyarraydata
DEBUG AWT-EventQueue-0 org.apache.http.client.protocol.RequestAddCookies - CookieSpec selected: best-match
DEBUG AWT-EventQueue-0 org.apache.http.client.protocol.RequestAuthCache - Re-using cached 'basic' auth scheme for http://127.0.0.1:5984
DEBUG AWT-EventQueue-0 org.apache.http.impl.conn.PoolingHttpClientConnectionManager - Connection request: [route: {}->http://127.0.0.1:5984][total kept alive: 0; route allocated: 0 of 2; total allocated: 0 of 20]
DEBUG AWT-EventQueue-0 org.apache.http.impl.conn.PoolingHttpClientConnectionManager - Connection leased: [id: 0][route: {}->http://127.0.0.1:5984][total kept alive: 0; route allocated: 1 of 2; total allocated: 1 of 20]
DEBUG AWT-EventQueue-0 org.apache.http.impl.execchain.MainClientExec - Opening connection {}->http://127.0.0.1:5984
DEBUG AWT-EventQueue-0 org.apache.http.impl.conn.HttpClientConnectionOperator - Connecting to /127.0.0.1:5984
DEBUG AWT-EventQueue-0 org.apache.http.impl.conn.HttpClientConnectionOperator - Connection established 127.0.0.1:7057<->127.0.0.1:5984
DEBUG AWT-EventQueue-0 org.apache.http.impl.execchain.MainClientExec - Executing request GET /many2manyarraydata HTTP/1.1
DEBUG AWT-EventQueue-0 org.apache.http.impl.execchain.MainClientExec - Target auth state: CHALLENGED
DEBUG AWT-EventQueue-0 org.apache.http.impl.execchain.MainClientExec - Proxy auth state: UNCHALLENGED
DEBUG AWT-EventQueue-0 org.apache.http.headers - http-outgoing-0 >> GET /many2manyarraydata HTTP/1.1
DEBUG AWT-EventQueue-0 org.apache.http.headers - http-outgoing-0 >> Accept: application/json
DEBUG AWT-EventQueue-0 org.apache.http.headers - http-outgoing-0 >> Host: 127.0.0.1:5984
DEBUG AWT-EventQueue-0 org.apache.http.headers - http-outgoing-0 >> Connection: Keep-Alive
DEBUG AWT-EventQueue-0 org.apache.http.headers - http-outgoing-0 >> User-Agent: Apache-HttpClient/4.3.3 (java 1.5)
DEBUG AWT-EventQueue-0 org.apache.http.headers - http-outgoing-0 >> Accept-Encoding: gzip,deflate
DEBUG AWT-EventQueue-0 org.apache.http.headers - http-outgoing-0 >> Authorization: Basic YWRtaW46YWRtaW4=
DEBUG AWT-EventQueue-0 org.apache.http.wire - http-outgoing-0 >> "GET /many2manyarraydata HTTP/1.1[\r][\n]"
DEBUG AWT-EventQueue-0 org.apache.http.wire - http-outgoing-0 >> "Accept: application/json[\r][\n]"
DEBUG AWT-EventQueue-0 org.apache.http.wire - http-outgoing-0 >> "Host: 127.0.0.1:5984[\r][\n]"
DEBUG AWT-EventQueue-0 org.apache.http.wire - http-outgoing-0 >> "Connection: Keep-Alive[\r][\n]"
DEBUG AWT-EventQueue-0 org.apache.http.wire - http-outgoing-0 >> "User-Agent: Apache-HttpClient/4.3.3 (java 1.5)[\r][\n]"
DEBUG AWT-EventQueue-0 org.apache.http.wire - http-outgoing-0 >> "Accept-Encoding: gzip,deflate[\r][\n]"
DEBUG AWT-EventQueue-0 org.apache.http.wire - http-outgoing-0 >> "Authorization: Basic YWRtaW46YWRtaW4=[\r][\n]"
DEBUG AWT-EventQueue-0 org.apache.http.wire - http-outgoing-0 >> "[\r][\n]"
DEBUG AWT-EventQueue-0 org.apache.http.wire - http-outgoing-0 << "HTTP/1.1 200 OK[\r][\n]"
DEBUG AWT-EventQueue-0 org.apache.http.wire - http-outgoing-0 << "Server: CouchDB/1.6.1 (Erlang OTP/R16B02)[\r][\n]"
DEBUG AWT-EventQueue-0 org.apache.http.wire - http-outgoing-0 << "Date: Wed, 29 Oct 2014 17:43:34 GMT[\r][\n]"
DEBUG AWT-EventQueue-0 org.apache.http.wire - http-outgoing-0 << "Content-Type: application/json[\r][\n]"
DEBUG AWT-EventQueue-0 org.apache.http.wire - http-outgoing-0 << "Content-Length: 243[\r][\n]"
DEBUG AWT-EventQueue-0 org.apache.http.wire - http-outgoing-0 << "Cache-Control: must-revalidate[\r][\n]"
DEBUG AWT-EventQueue-0 org.apache.http.wire - http-outgoing-0 << "[\r][\n]"
DEBUG AWT-EventQueue-0 org.apache.http.headers - http-outgoing-0 << HTTP/1.1 200 OK
DEBUG AWT-EventQueue-0 org.apache.http.headers - http-outgoing-0 << Server: CouchDB/1.6.1 (Erlang OTP/R16B02)
DEBUG AWT-EventQueue-0 org.apache.http.headers - http-outgoing-0 << Date: Wed, 29 Oct 2014 17:43:34 GMT
DEBUG AWT-EventQueue-0 org.apache.http.headers - http-outgoing-0 << Content-Type: application/json
DEBUG AWT-EventQueue-0 org.apache.http.headers - http-outgoing-0 << Content-Length: 243
DEBUG AWT-EventQueue-0 org.apache.http.headers - http-outgoing-0 << Cache-Control: must-revalidate
DEBUG AWT-EventQueue-0 org.apache.http.impl.execchain.MainClientExec - Connection can be kept alive indefinitely
DEBUG AWT-EventQueue-0 org.apache.http.impl.auth.HttpAuthenticator - Authentication succeeded
INFO AWT-EventQueue-0 org.lightcouch.CouchDbClient - < Status: 200
DEBUG AWT-EventQueue-0 org.apache.http.wire - http-outgoing-0 << "{"db_name":"many2manyarraydata","doc_count":3,"doc_del_count":0,"update_seq":5,"purge_seq":0,"compact_running":false,"disk_size":20581,"data_size":1101,"instance_start_time":"1414604330737460","disk_format_version":6,"committed_update_seq":5}[\n]"
DEBUG AWT-EventQueue-0 org.apache.http.impl.conn.PoolingHttpClientConnectionManager - Connection [id: 0][route: {}->http://127.0.0.1:5984] can be kept alive indefinitely
DEBUG AWT-EventQueue-0 org.apache.http.impl.conn.PoolingHttpClientConnectionManager - Connection released: [id: 0][route: {}->http://127.0.0.1:5984][total kept alive: 1; route allocated: 1 of 2; total allocated: 1 of 20]
INFO AWT-EventQueue-0 org.lightcouch.CouchDbClient - > GET/many2manyarraydata/_design/type/_view/type
DEBUG AWT-EventQueue-0 org.apache.http.client.protocol.RequestAddCookies - CookieSpec selected: best-match
DEBUG AWT-EventQueue-0 org.apache.http.client.protocol.RequestAuthCache - Re-using cached 'basic' auth scheme for http://127.0.0.1:5984
DEBUG AWT-EventQueue-0 org.apache.http.impl.conn.PoolingHttpClientConnectionManager - Connection request: [route: {}->http://127.0.0.1:5984][total kept alive: 1; route allocated: 1 of 2; total allocated: 1 of 20]
DEBUG AWT-EventQueue-0 org.apache.http.impl.conn.PoolingHttpClientConnectionManager - Connection leased: [id: 0][route: {}->http://127.0.0.1:5984][total kept alive: 0; route allocated: 1 of 2; total allocated: 1 of 20]
DEBUG AWT-EventQueue-0 org.apache.http.impl.execchain.MainClientExec - Stale connection check
DEBUG AWT-EventQueue-0 org.apache.http.wire - http-outgoing-0 << "[read] I/O error: Read timed out"
DEBUG AWT-EventQueue-0 org.apache.http.impl.execchain.MainClientExec - Executing request GET /many2manyarraydata/_design/type/_view/type HTTP/1.1
DEBUG AWT-EventQueue-0 org.apache.http.impl.execchain.MainClientExec - Target auth state: CHALLENGED
DEBUG AWT-EventQueue-0 org.apache.http.impl.execchain.MainClientExec - Proxy auth state: UNCHALLENGED
DEBUG AWT-EventQueue-0 org.apache.http.headers - http-outgoing-0 >> GET /many2manyarraydata/_design/type/_view/type HTTP/1.1
DEBUG AWT-EventQueue-0 org.apache.http.headers - http-outgoing-0 >> Accept: application/json
DEBUG AWT-EventQueue-0 org.apache.http.headers - http-outgoing-0 >> Host: 127.0.0.1:5984
DEBUG AWT-EventQueue-0 org.apache.http.headers - http-outgoing-0 >> Connection: Keep-Alive
DEBUG AWT-EventQueue-0 org.apache.http.headers - http-outgoing-0 >> User-Agent: Apache-HttpClient/4.3.3 (java 1.5)
DEBUG AWT-EventQueue-0 org.apache.http.headers - http-outgoing-0 >> Accept-Encoding: gzip,deflate
DEBUG AWT-EventQueue-0 org.apache.http.headers - http-outgoing-0 >> Authorization: Basic YWRtaW46YWRtaW4=
DEBUG AWT-EventQueue-0 org.apache.http.wire - http-outgoing-0 >> "GET /many2manyarraydata/_design/type/_view/type HTTP/1.1[\r][\n]"
DEBUG AWT-EventQueue-0 org.apache.http.wire - http-outgoing-0 >> "Accept: application/json[\r][\n]"
DEBUG AWT-EventQueue-0 org.apache.http.wire - http-outgoing-0 >> "Host: 127.0.0.1:5984[\r][\n]"
DEBUG AWT-EventQueue-0 org.apache.http.wire - http-outgoing-0 >> "Connection: Keep-Alive[\r][\n]"
DEBUG AWT-EventQueue-0 org.apache.http.wire - http-outgoing-0 >> "User-Agent: Apache-HttpClient/4.3.3 (java 1.5)[\r][\n]"
DEBUG AWT-EventQueue-0 org.apache.http.wire - http-outgoing-0 >> "Accept-Encoding: gzip,deflate[\r][\n]"
DEBUG AWT-EventQueue-0 org.apache.http.wire - http-outgoing-0 >> "Authorization: Basic YWRtaW46YWRtaW4=[\r][\n]"
DEBUG AWT-EventQueue-0 org.apache.http.wire - http-outgoing-0 >> "[\r][\n]"
DEBUG AWT-EventQueue-0 org.apache.http.wire - http-outgoing-0 << "HTTP/1.1 200 OK[\r][\n]"
DEBUG AWT-EventQueue-0 org.apache.http.wire - http-outgoing-0 << "Transfer-Encoding: chunked[\r][\n]"
DEBUG AWT-EventQueue-0 org.apache.http.wire - http-outgoing-0 << "Server: CouchDB/1.6.1 (Erlang OTP/R16B02)[\r][\n]"
DEBUG AWT-EventQueue-0 org.apache.http.wire - http-outgoing-0 << "ETag: "EMFHJO005TG7KU8MPYDW4ERX2"[\r][\n]"
DEBUG AWT-EventQueue-0 org.apache.http.wire - http-outgoing-0 << "Date: Wed, 29 Oct 2014 17:43:34 GMT[\r][\n]"
DEBUG AWT-EventQueue-0 org.apache.http.wire - http-outgoing-0 << "Content-Type: application/json[\r][\n]"
DEBUG AWT-EventQueue-0 org.apache.http.wire - http-outgoing-0 << "Cache-Control: must-revalidate[\r][\n]"
DEBUG AWT-EventQueue-0 org.apache.http.wire - http-outgoing-0 << "[\r][\n]"
DEBUG AWT-EventQueue-0 org.apache.http.headers - http-outgoing-0 << HTTP/1.1 200 OK
DEBUG AWT-EventQueue-0 org.apache.http.headers - http-outgoing-0 << Transfer-Encoding: chunked
DEBUG AWT-EventQueue-0 org.apache.http.headers - http-outgoing-0 << Server: CouchDB/1.6.1 (Erlang OTP/R16B02)
DEBUG AWT-EventQueue-0 org.apache.http.headers - http-outgoing-0 << ETag: "EMFHJO005TG7KU8MPYDW4ERX2"
DEBUG AWT-EventQueue-0 org.apache.http.headers - http-outgoing-0 << Date: Wed, 29 Oct 2014 17:43:34 GMT
DEBUG AWT-EventQueue-0 org.apache.http.headers - http-outgoing-0 << Content-Type: application/json
DEBUG AWT-EventQueue-0 org.apache.http.headers - http-outgoing-0 << Cache-Control: must-revalidate
DEBUG AWT-EventQueue-0 org.apache.http.impl.execchain.MainClientExec - Connection can be kept alive indefinitely
DEBUG AWT-EventQueue-0 org.apache.http.impl.auth.HttpAuthenticator - Authentication succeeded
INFO AWT-EventQueue-0 org.lightcouch.CouchDbClient - < Status: 200
DEBUG AWT-EventQueue-0 org.apache.http.wire - http-outgoing-0 << "25[\r][\n]"
DEBUG AWT-EventQueue-0 org.apache.http.wire - http-outgoing-0 << "{"total_rows":2,"offset":0,"rows":[[\r][\n]"
DEBUG AWT-EventQueue-0 org.apache.http.wire - http-outgoing-0 << "[\r][\n]"
DEBUG AWT-EventQueue-0 org.apache.http.wire - http-outgoing-0 << "13a[\r][\n]"
DEBUG AWT-EventQueue-0 org.apache.http.wire - http-outgoing-0 << "{"id":"57edac991b815a4aca5850fb8100098f","key":"A","value":{"_id":"57edac991b815a4aca5850fb8100098f","_rev":"2-0bd907bbcbca032877f1e3367b43fa75","title":"MongoDB: The Definitive Guide","author":["Kristina Chodorow","Mike Dirolf"],"published_date":"2010-09-25 44:20.20","pages":216,"language":"English","type":"A"}}[\r][\n]"
DEBUG AWT-EventQueue-0 org.apache.http.wire - http-outgoing-0 << "152[\r][\n]"
DEBUG AWT-EventQueue-0 org.apache.http.wire - http-outgoing-0 << ",[\r][\n]"
DEBUG AWT-EventQueue-0 org.apache.http.wire - http-outgoing-0 << "{"id":"57edac991b815a4aca5850fb81001289","key":"A","value":{"_id":"57edac991b815a4aca5850fb81001289","_rev":"2-f1b492115a8d2c66b4bb013100267841","title":"50 Tips and Tricks for MongoDB Developer","published_date":"2011-05-07 26:20:20","pages":1099511600000,"language":"English","author":["Kristina Chodorow","Mike Dirolf"],"type":"A"}}[\r][\n]"
DEBUG AWT-EventQueue-0 org.apache.http.wire - http-outgoing-0 << "4[\r][\n]"
DEBUG AWT-EventQueue-0 org.apache.http.wire - http-outgoing-0 << "[\r][\n]"
DEBUG AWT-EventQueue-0 org.apache.http.wire - http-outgoing-0 << "]}[\r][\n]"
DEBUG AWT-EventQueue-0 org.apache.http.wire - http-outgoing-0 << "1[\r][\n]"
DEBUG AWT-EventQueue-0 org.apache.http.wire - http-outgoing-0 << "[\n]"
DEBUG AWT-EventQueue-0 org.apache.http.wire - http-outgoing-0 << "[\r][\n]"
DEBUG AWT-EventQueue-0 org.apache.http.wire - http-outgoing-0 << "0[\r][\n]"
DEBUG AWT-EventQueue-0 org.apache.http.wire - http-outgoing-0 << "[\r][\n]"
DEBUG AWT-EventQueue-0 org.apache.http.impl.conn.PoolingHttpClientConnectionManager - Connection [id: 0][route: {}->http://127.0.0.1:5984] can be kept alive indefinitely
DEBUG AWT-EventQueue-0 org.apache.http.impl.conn.PoolingHttpClientConnectionManager - Connection released: [id: 0][route: {}->http://127.0.0.1:5984][total kept alive: 1; route allocated: 1 of 2; total allocated: 1 of 20]
DEBUG Finalizer org.apache.http.impl.conn.PoolingHttpClientConnectionManager - Connection manager is shutting down
DEBUG Finalizer org.apache.http.impl.conn.DefaultManagedHttpClientConnection - http-outgoing-0: Close connection
DEBUG Finalizer org.apache.http.impl.conn.DefaultManagedHttpClientConnection - http-outgoing-0: Close connection
DEBUG Finalizer org.apache.http.impl.conn.PoolingHttpClientConnectionManager - Connection manager shut down
DEBUG AWT-EventQueue-0 Converter.ModelController.Controller.DB.Relational.Operations.SqlPrintOperations - A_id VARCHAR(120)
DEBUG AWT-EventQueue-0 Converter.ModelController.Controller.DB.Relational.Operations.SqlPrintOperations - author_id BIGINT
DEBUG AWT-EventQueue-0 Converter.ModelController.Controller.DB.Relational.Operations.SqlPrintOperations - pages INT
DEBUG AWT-EventQueue-0 Converter.ModelController.Controller.DB.Relational.Operations.SqlPrintOperations - NotRelationalField
DEBUG AWT-EventQueue-0 Converter.ModelController.Controller.DB.Relational.Operations.SqlPrintOperations - _rev VARCHAR(120)
DEBUG AWT-EventQueue-0 Converter.ModelController.Controller.DB.Relational.Operations.SqlPrintOperations - language VARCHAR(34)
DEBUG AWT-EventQueue-0 Converter.ModelController.Controller.DB.Relational.Operations.SqlPrintOperations - A_PK VARCHAR(120)
DEBUG AWT-EventQueue-0 Converter.ModelController.Controller.DB.Relational.Operations.SqlPrintOperations - title VARCHAR(120)
DEBUG AWT-EventQueue-0 Converter.ModelController.Controller.DB.Relational.Operations.SqlPrintOperations - published_date DATETIME
DEBUG AWT-EventQueue-0 Converter.ModelController.Controller.DB.Relational.Operations.SqlPrintOperations - author_value VARCHAR(34)
DEBUG AWT-EventQueue-0 Converter.ModelController.Controller.DB.Relational.Operations.SqlPrintOperations - A_id VARCHAR(120)
DEBUG AWT-EventQueue-0 Converter.ModelController.Controller.DB.Relational.Operations.SqlPrintOperations - author_value VARCHAR(34)
DEBUG AWT-EventQueue-0 Converter.ModelController.Controller.DB.Relational.Operations.SqlPrintOperations - author_PK BIGINT
DEBUG AWT-EventQueue-0 Converter.ModelController.Controller.DB.Relational.Operations.SqlPrintOperations - end creating schema script
DEBUG AWT-EventQueue-0 Converter.ModelController.Controller.DB.Relational.Operations.SqlPrintOperations - A_authorset reference to table A_id
DEBUG AWT-EventQueue-0 Converter.ModelController.Controller.DB.Relational.Operations.SqlPrintOperations - A_authorset reference to table author_id
DEBUG AWT-EventQueue-0 Converter.ModelController.Controller.DB.Relational.Operations.SqlPrintOperations - author_tempset reference to table A_id
DEBUG AWT-EventQueue-0 Converter.ModelController.Controller.DB.Relational.Operations.SqlPrintOperations - End reference script generation
DEBUG AWT-EventQueue-0 Converter.ModelController.Controller.DB.Relational.Operations.SqlPrintOperations - A_id '57edac991b815a4aca5850fb8100098f'
DEBUG AWT-EventQueue-0 Converter.ModelController.Controller.DB.Relational.Operations.SqlPrintOperations - author_id '2'
DEBUG AWT-EventQueue-0 Converter.ModelController.Controller.DB.Relational.Operations.SqlPrintOperations - A_id '57edac991b815a4aca5850fb8100098f'
DEBUG AWT-EventQueue-0 Converter.ModelController.Controller.DB.Relational.Operations.SqlPrintOperations - author_id '1'
DEBUG AWT-EventQueue-0 Converter.ModelController.Controller.DB.Relational.Operations.SqlPrintOperations - A_id '57edac991b815a4aca5850fb81001289'
DEBUG AWT-EventQueue-0 Converter.ModelController.Controller.DB.Relational.Operations.SqlPrintOperations - author_id '1'
DEBUG AWT-EventQueue-0 Converter.ModelController.Controller.DB.Relational.Operations.SqlPrintOperations - A_id '57edac991b815a4aca5850fb81001289'
DEBUG AWT-EventQueue-0 Converter.ModelController.Controller.DB.Relational.Operations.SqlPrintOperations - author_id '2'
DEBUG AWT-EventQueue-0 Converter.ModelController.Controller.DB.Relational.Operations.SqlPrintOperations - pages '-27776'
DEBUG AWT-EventQueue-0 Converter.ModelController.Controller.DB.Relational.Operations.SqlPrintOperations - A_PK '57edac991b815a4aca5850fb81001289'
DEBUG AWT-EventQueue-0 Converter.ModelController.Controller.DB.Relational.Operations.SqlPrintOperations - _rev '2-f1b492115a8d2c66b4bb013100267841'
DEBUG AWT-EventQueue-0 Converter.ModelController.Controller.DB.Relational.Operations.SqlPrintOperations - language 'English'
DEBUG AWT-EventQueue-0 Converter.ModelController.Controller.DB.Relational.Operations.SqlPrintOperations - title '50 Tips and Tricks for MongoDB Developer'
DEBUG AWT-EventQueue-0 Converter.ModelController.Controller.DB.Relational.Operations.SqlPrintOperations - published_date '2011-01-08 02:20:20'
DEBUG AWT-EventQueue-0 Converter.ModelController.Controller.DB.Relational.Operations.SqlPrintOperations - pages '216'
DEBUG AWT-EventQueue-0 Converter.ModelController.Controller.DB.Relational.Operations.SqlPrintOperations - A_PK '57edac991b815a4aca5850fb8100098f'
DEBUG AWT-EventQueue-0 Converter.ModelController.Controller.DB.Relational.Operations.SqlPrintOperations - _rev '2-0bd907bbcbca032877f1e3367b43fa75'
DEBUG AWT-EventQueue-0 Converter.ModelController.Controller.DB.Relational.Operations.SqlPrintOperations - language 'English'
DEBUG AWT-EventQueue-0 Converter.ModelController.Controller.DB.Relational.Operations.SqlPrintOperations - title 'MongoDB: The Definitive Guide'
DEBUG AWT-EventQueue-0 Converter.ModelController.Controller.DB.Relational.Operations.SqlPrintOperations - published_date '2010-09-25 44:20.20'
DEBUG AWT-EventQueue-0 Converter.ModelController.Controller.DB.Relational.Operations.SqlPrintOperations - author_value 'Kristina Chodorow'
DEBUG AWT-EventQueue-0 Converter.ModelController.Controller.DB.Relational.Operations.SqlPrintOperations - A_id '57edac991b815a4aca5850fb8100098f'
DEBUG AWT-EventQueue-0 Converter.ModelController.Controller.DB.Relational.Operations.SqlPrintOperations - author_value 'Mike Dirolf'
DEBUG AWT-EventQueue-0 Converter.ModelController.Controller.DB.Relational.Operations.SqlPrintOperations - A_id '57edac991b815a4aca5850fb8100098f'
DEBUG AWT-EventQueue-0 Converter.ModelController.Controller.DB.Relational.Operations.SqlPrintOperations - author_value 'Mike Dirolf'
DEBUG AWT-EventQueue-0 Converter.ModelController.Controller.DB.Relational.Operations.SqlPrintOperations - A_id '57edac991b815a4aca5850fb81001289'
DEBUG AWT-EventQueue-0 Converter.ModelController.Controller.DB.Relational.Operations.SqlPrintOperations - author_value 'Kristina Chodorow'
DEBUG AWT-EventQueue-0 Converter.ModelController.Controller.DB.Relational.Operations.SqlPrintOperations - A_id '57edac991b815a4aca5850fb81001289'
DEBUG AWT-EventQueue-0 Converter.ModelController.Controller.DB.Relational.Operations.SqlPrintOperations - author_value 'Kristina Chodorow'
DEBUG AWT-EventQueue-0 Converter.ModelController.Controller.DB.Relational.Operations.SqlPrintOperations - author_PK '1'
DEBUG AWT-EventQueue-0 Converter.ModelController.Controller.DB.Relational.Operations.SqlPrintOperations - author_value 'Mike Dirolf'
DEBUG AWT-EventQueue-0 Converter.ModelController.Controller.DB.Relational.Operations.SqlPrintOperations - author_PK '2'
DEBUG AWT-EventQueue-0 Converter.ModelController.Controller.DB.Relational.Operations.SqlPrintOperations - End insert script generation
INFO AWT-EventQueue-0 org.lightcouch.CouchDbClient - > GET/many2manyarraydata
DEBUG AWT-EventQueue-0 org.apache.http.client.protocol.RequestAddCookies - CookieSpec selected: best-match
DEBUG AWT-EventQueue-0 org.apache.http.client.protocol.RequestAuthCache - Re-using cached 'basic' auth scheme for http://127.0.0.1:5984
DEBUG AWT-EventQueue-0 org.apache.http.impl.conn.PoolingHttpClientConnectionManager - Connection request: [route: {}->http://127.0.0.1:5984][total kept alive: 0; route allocated: 0 of 2; total allocated: 0 of 20]
DEBUG AWT-EventQueue-0 org.apache.http.impl.conn.PoolingHttpClientConnectionManager - Connection leased: [id: 0][route: {}->http://127.0.0.1:5984][total kept alive: 0; route allocated: 1 of 2; total allocated: 1 of 20]
DEBUG AWT-EventQueue-0 org.apache.http.impl.execchain.MainClientExec - Opening connection {}->http://127.0.0.1:5984
DEBUG AWT-EventQueue-0 org.apache.http.impl.conn.HttpClientConnectionOperator - Connecting to /127.0.0.1:5984
DEBUG AWT-EventQueue-0 org.apache.http.impl.conn.HttpClientConnectionOperator - Connection established 127.0.0.1:7214<->127.0.0.1:5984
DEBUG AWT-EventQueue-0 org.apache.http.impl.execchain.MainClientExec - Executing request GET /many2manyarraydata HTTP/1.1
DEBUG AWT-EventQueue-0 org.apache.http.impl.execchain.MainClientExec - Target auth state: CHALLENGED
DEBUG AWT-EventQueue-0 org.apache.http.impl.execchain.MainClientExec - Proxy auth state: UNCHALLENGED
DEBUG AWT-EventQueue-0 org.apache.http.headers - http-outgoing-0 >> GET /many2manyarraydata HTTP/1.1
DEBUG AWT-EventQueue-0 org.apache.http.headers - http-outgoing-0 >> Accept: application/json
DEBUG AWT-EventQueue-0 org.apache.http.headers - http-outgoing-0 >> Host: 127.0.0.1:5984
DEBUG AWT-EventQueue-0 org.apache.http.headers - http-outgoing-0 >> Connection: Keep-Alive
DEBUG AWT-EventQueue-0 org.apache.http.headers - http-outgoing-0 >> User-Agent: Apache-HttpClient/4.3.3 (java 1.5)
DEBUG AWT-EventQueue-0 org.apache.http.headers - http-outgoing-0 >> Accept-Encoding: gzip,deflate
DEBUG AWT-EventQueue-0 org.apache.http.headers - http-outgoing-0 >> Authorization: Basic YWRtaW46YWRtaW4=
DEBUG AWT-EventQueue-0 org.apache.http.wire - http-outgoing-0 >> "GET /many2manyarraydata HTTP/1.1[\r][\n]"
DEBUG AWT-EventQueue-0 org.apache.http.wire - http-outgoing-0 >> "Accept: application/json[\r][\n]"
DEBUG AWT-EventQueue-0 org.apache.http.wire - http-outgoing-0 >> "Host: 127.0.0.1:5984[\r][\n]"
DEBUG AWT-EventQueue-0 org.apache.http.wire - http-outgoing-0 >> "Connection: Keep-Alive[\r][\n]"
DEBUG AWT-EventQueue-0 org.apache.http.wire - http-outgoing-0 >> "User-Agent: Apache-HttpClient/4.3.3 (java 1.5)[\r][\n]"
DEBUG AWT-EventQueue-0 org.apache.http.wire - http-outgoing-0 >> "Accept-Encoding: gzip,deflate[\r][\n]"
DEBUG AWT-EventQueue-0 org.apache.http.wire - http-outgoing-0 >> "Authorization: Basic YWRtaW46YWRtaW4=[\r][\n]"
DEBUG AWT-EventQueue-0 org.apache.http.wire - http-outgoing-0 >> "[\r][\n]"
DEBUG AWT-EventQueue-0 org.apache.http.wire - http-outgoing-0 << "HTTP/1.1 200 OK[\r][\n]"
DEBUG AWT-EventQueue-0 org.apache.http.wire - http-outgoing-0 << "Server: CouchDB/1.6.1 (Erlang OTP/R16B02)[\r][\n]"
DEBUG AWT-EventQueue-0 org.apache.http.wire - http-outgoing-0 << "Date: Wed, 29 Oct 2014 17:50:19 GMT[\r][\n]"
DEBUG AWT-EventQueue-0 org.apache.http.wire - http-outgoing-0 << "Content-Type: application/json[\r][\n]"
DEBUG AWT-EventQueue-0 org.apache.http.wire - http-outgoing-0 << "Content-Length: 243[\r][\n]"
DEBUG AWT-EventQueue-0 org.apache.http.wire - http-outgoing-0 << "Cache-Control: must-revalidate[\r][\n]"
DEBUG AWT-EventQueue-0 org.apache.http.wire - http-outgoing-0 << "[\r][\n]"
DEBUG AWT-EventQueue-0 org.apache.http.headers - http-outgoing-0 << HTTP/1.1 200 OK
DEBUG AWT-EventQueue-0 org.apache.http.headers - http-outgoing-0 << Server: CouchDB/1.6.1 (Erlang OTP/R16B02)
DEBUG AWT-EventQueue-0 org.apache.http.headers - http-outgoing-0 << Date: Wed, 29 Oct 2014 17:50:19 GMT
DEBUG AWT-EventQueue-0 org.apache.http.headers - http-outgoing-0 << Content-Type: application/json
DEBUG AWT-EventQueue-0 org.apache.http.headers - http-outgoing-0 << Content-Length: 243
DEBUG AWT-EventQueue-0 org.apache.http.headers - http-outgoing-0 << Cache-Control: must-revalidate
DEBUG AWT-EventQueue-0 org.apache.http.impl.execchain.MainClientExec - Connection can be kept alive indefinitely
DEBUG AWT-EventQueue-0 org.apache.http.impl.auth.HttpAuthenticator - Authentication succeeded
INFO AWT-EventQueue-0 org.lightcouch.CouchDbClient - < Status: 200
DEBUG AWT-EventQueue-0 org.apache.http.wire - http-outgoing-0 << "{"db_name":"many2manyarraydata","doc_count":3,"doc_del_count":0,"update_seq":5,"purge_seq":0,"compact_running":false,"disk_size":20581,"data_size":1101,"instance_start_time":"1414604330737460","disk_format_version":6,"committed_update_seq":5}[\n]"
DEBUG AWT-EventQueue-0 org.apache.http.impl.conn.PoolingHttpClientConnectionManager - Connection [id: 0][route: {}->http://127.0.0.1:5984] can be kept alive indefinitely
DEBUG AWT-EventQueue-0 org.apache.http.impl.conn.PoolingHttpClientConnectionManager - Connection released: [id: 0][route: {}->http://127.0.0.1:5984][total kept alive: 1; route allocated: 1 of 2; total allocated: 1 of 20]
INFO AWT-EventQueue-0 org.lightcouch.CouchDbClient - > GET/many2manyarraydata/_design/type/_view/type
DEBUG AWT-EventQueue-0 org.apache.http.client.protocol.RequestAddCookies - CookieSpec selected: best-match
DEBUG AWT-EventQueue-0 org.apache.http.client.protocol.RequestAuthCache - Re-using cached 'basic' auth scheme for http://127.0.0.1:5984
DEBUG AWT-EventQueue-0 org.apache.http.impl.conn.PoolingHttpClientConnectionManager - Connection request: [route: {}->http://127.0.0.1:5984][total kept alive: 1; route allocated: 1 of 2; total allocated: 1 of 20]
DEBUG AWT-EventQueue-0 org.apache.http.impl.conn.PoolingHttpClientConnectionManager - Connection leased: [id: 0][route: {}->http://127.0.0.1:5984][total kept alive: 0; route allocated: 1 of 2; total allocated: 1 of 20]
DEBUG AWT-EventQueue-0 org.apache.http.impl.execchain.MainClientExec - Stale connection check
DEBUG AWT-EventQueue-0 org.apache.http.wire - http-outgoing-0 << "[read] I/O error: Read timed out"
DEBUG AWT-EventQueue-0 org.apache.http.impl.execchain.MainClientExec - Executing request GET /many2manyarraydata/_design/type/_view/type HTTP/1.1
DEBUG AWT-EventQueue-0 org.apache.http.impl.execchain.MainClientExec - Target auth state: CHALLENGED
DEBUG AWT-EventQueue-0 org.apache.http.impl.execchain.MainClientExec - Proxy auth state: UNCHALLENGED
DEBUG AWT-EventQueue-0 org.apache.http.headers - http-outgoing-0 >> GET /many2manyarraydata/_design/type/_view/type HTTP/1.1
DEBUG AWT-EventQueue-0 org.apache.http.headers - http-outgoing-0 >> Accept: application/json
DEBUG AWT-EventQueue-0 org.apache.http.headers - http-outgoing-0 >> Host: 127.0.0.1:5984
DEBUG AWT-EventQueue-0 org.apache.http.headers - http-outgoing-0 >> Connection: Keep-Alive
DEBUG AWT-EventQueue-0 org.apache.http.headers - http-outgoing-0 >> User-Agent: Apache-HttpClient/4.3.3 (java 1.5)
DEBUG AWT-EventQueue-0 org.apache.http.headers - http-outgoing-0 >> Accept-Encoding: gzip,deflate
DEBUG AWT-EventQueue-0 org.apache.http.headers - http-outgoing-0 >> Authorization: Basic YWRtaW46YWRtaW4=
DEBUG AWT-EventQueue-0 org.apache.http.wire - http-outgoing-0 >> "GET /many2manyarraydata/_design/type/_view/type HTTP/1.1[\r][\n]"
DEBUG AWT-EventQueue-0 org.apache.http.wire - http-outgoing-0 >> "Accept: application/json[\r][\n]"
DEBUG AWT-EventQueue-0 org.apache.http.wire - http-outgoing-0 >> "Host: 127.0.0.1:5984[\r][\n]"
DEBUG AWT-EventQueue-0 org.apache.http.wire - http-outgoing-0 >> "Connection: Keep-Alive[\r][\n]"
DEBUG AWT-EventQueue-0 org.apache.http.wire - http-outgoing-0 >> "User-Agent: Apache-HttpClient/4.3.3 (java 1.5)[\r][\n]"
DEBUG AWT-EventQueue-0 org.apache.http.wire - http-outgoing-0 >> "Accept-Encoding: gzip,deflate[\r][\n]"
DEBUG AWT-EventQueue-0 org.apache.http.wire - http-outgoing-0 >> "Authorization: Basic YWRtaW46YWRtaW4=[\r][\n]"
DEBUG AWT-EventQueue-0 org.apache.http.wire - http-outgoing-0 >> "[\r][\n]"
DEBUG AWT-EventQueue-0 org.apache.http.wire - http-outgoing-0 << "HTTP/1.1 200 OK[\r][\n]"
DEBUG AWT-EventQueue-0 org.apache.http.wire - http-outgoing-0 << "Transfer-Encoding: chunked[\r][\n]"
DEBUG AWT-EventQueue-0 org.apache.http.wire - http-outgoing-0 << "Server: CouchDB/1.6.1 (Erlang OTP/R16B02)[\r][\n]"
DEBUG AWT-EventQueue-0 org.apache.http.wire - http-outgoing-0 << "ETag: "EMFHJO005TG7KU8MPYDW4ERX2"[\r][\n]"
DEBUG AWT-EventQueue-0 org.apache.http.wire - http-outgoing-0 << "Date: Wed, 29 Oct 2014 17:50:19 GMT[\r][\n]"
DEBUG AWT-EventQueue-0 org.apache.http.wire - http-outgoing-0 << "Content-Type: application/json[\r][\n]"
DEBUG AWT-EventQueue-0 org.apache.http.wire - http-outgoing-0 << "Cache-Control: must-revalidate[\r][\n]"
DEBUG AWT-EventQueue-0 org.apache.http.wire - http-outgoing-0 << "[\r][\n]"
DEBUG AWT-EventQueue-0 org.apache.http.headers - http-outgoing-0 << HTTP/1.1 200 OK
DEBUG AWT-EventQueue-0 org.apache.http.headers - http-outgoing-0 << Transfer-Encoding: chunked
DEBUG AWT-EventQueue-0 org.apache.http.headers - http-outgoing-0 << Server: CouchDB/1.6.1 (Erlang OTP/R16B02)
DEBUG AWT-EventQueue-0 org.apache.http.headers - http-outgoing-0 << ETag: "EMFHJO005TG7KU8MPYDW4ERX2"
DEBUG AWT-EventQueue-0 org.apache.http.headers - http-outgoing-0 << Date: Wed, 29 Oct 2014 17:50:19 GMT
DEBUG AWT-EventQueue-0 org.apache.http.headers - http-outgoing-0 << Content-Type: application/json
DEBUG AWT-EventQueue-0 org.apache.http.headers - http-outgoing-0 << Cache-Control: must-revalidate
DEBUG AWT-EventQueue-0 org.apache.http.impl.execchain.MainClientExec - Connection can be kept alive indefinitely
DEBUG AWT-EventQueue-0 org.apache.http.impl.auth.HttpAuthenticator - Authentication succeeded
INFO AWT-EventQueue-0 org.lightcouch.CouchDbClient - < Status: 200
DEBUG AWT-EventQueue-0 org.apache.http.wire - http-outgoing-0 << "25[\r][\n]"
DEBUG AWT-EventQueue-0 org.apache.http.wire - http-outgoing-0 << "{"total_rows":2,"offset":0,"rows":[[\r][\n]"
DEBUG AWT-EventQueue-0 org.apache.http.wire - http-outgoing-0 << "[\r][\n]"
DEBUG AWT-EventQueue-0 org.apache.http.wire - http-outgoing-0 << "13a[\r][\n]"
DEBUG AWT-EventQueue-0 org.apache.http.wire - http-outgoing-0 << "{"id":"57edac991b815a4aca5850fb8100098f","key":"A","value":{"_id":"57edac991b815a4aca5850fb8100098f","_rev":"2-0bd907bbcbca032877f1e3367b43fa75","title":"MongoDB: The Definitive Guide","author":["Kristina Chodorow","Mike Dirolf"],"published_date":"2010-09-25 44:20.20","pages":216,"language":"English","type":"A"}}[\r][\n]"
DEBUG AWT-EventQueue-0 org.apache.http.wire - http-outgoing-0 << "152[\r][\n]"
DEBUG AWT-EventQueue-0 org.apache.http.wire - http-outgoing-0 << ",[\r][\n]"
DEBUG AWT-EventQueue-0 org.apache.http.wire - http-outgoing-0 << "{"id":"57edac991b815a4aca5850fb81001289","key":"A","value":{"_id":"57edac991b815a4aca5850fb81001289","_rev":"2-f1b492115a8d2c66b4bb013100267841","title":"50 Tips and Tricks for MongoDB Developer","published_date":"2011-05-07 26:20:20","pages":1099511600000,"language":"English","author":["Kristina Chodorow","Mike Dirolf"],"type":"A"}}[\r][\n]"
DEBUG AWT-EventQueue-0 org.apache.http.wire - http-outgoing-0 << "4[\r][\n]"
DEBUG AWT-EventQueue-0 org.apache.http.wire - http-outgoing-0 << "[\r][\n]"
DEBUG AWT-EventQueue-0 org.apache.http.wire - http-outgoing-0 << "]}[\r][\n]"
DEBUG AWT-EventQueue-0 org.apache.http.wire - http-outgoing-0 << "1[\r][\n]"
DEBUG AWT-EventQueue-0 org.apache.http.wire - http-outgoing-0 << "[\n]"
DEBUG AWT-EventQueue-0 org.apache.http.wire - http-outgoing-0 << "[\r][\n]"
DEBUG AWT-EventQueue-0 org.apache.http.wire - http-outgoing-0 << "0[\r][\n]"
DEBUG AWT-EventQueue-0 org.apache.http.wire - http-outgoing-0 << "[\r][\n]"
DEBUG AWT-EventQueue-0 org.apache.http.impl.conn.PoolingHttpClientConnectionManager - Connection [id: 0][route: {}->http://127.0.0.1:5984] can be kept alive indefinitely
DEBUG AWT-EventQueue-0 org.apache.http.impl.conn.PoolingHttpClientConnectionManager - Connection released: [id: 0][route: {}->http://127.0.0.1:5984][total kept alive: 1; route allocated: 1 of 2; total allocated: 1 of 20]
DEBUG AWT-EventQueue-0 Converter.ModelController.Controller.DB.Relational.Operations.SqlPrintOperations - A_id VARCHAR(120)
DEBUG AWT-EventQueue-0 Converter.ModelController.Controller.DB.Relational.Operations.SqlPrintOperations - author_id BIGINT
DEBUG AWT-EventQueue-0 Converter.ModelController.Controller.DB.Relational.Operations.SqlPrintOperations - pages INT
DEBUG AWT-EventQueue-0 Converter.ModelController.Controller.DB.Relational.Operations.SqlPrintOperations - NotRelationalField
DEBUG AWT-EventQueue-0 Converter.ModelController.Controller.DB.Relational.Operations.SqlPrintOperations - _rev VARCHAR(120)
DEBUG AWT-EventQueue-0 Converter.ModelController.Controller.DB.Relational.Operations.SqlPrintOperations - language VARCHAR(34)
DEBUG AWT-EventQueue-0 Converter.ModelController.Controller.DB.Relational.Operations.SqlPrintOperations - A_PK VARCHAR(120)
DEBUG AWT-EventQueue-0 Converter.ModelController.Controller.DB.Relational.Operations.SqlPrintOperations - title VARCHAR(120)
DEBUG AWT-EventQueue-0 Converter.ModelController.Controller.DB.Relational.Operations.SqlPrintOperations - published_date DATETIME
DEBUG AWT-EventQueue-0 Converter.ModelController.Controller.DB.Relational.Operations.SqlPrintOperations - author_value VARCHAR(34)
DEBUG AWT-EventQueue-0 Converter.ModelController.Controller.DB.Relational.Operations.SqlPrintOperations - author_PK BIGINT
DEBUG AWT-EventQueue-0 Converter.ModelController.Controller.DB.Relational.Operations.SqlPrintOperations - end creating schema script
DEBUG AWT-EventQueue-0 Converter.ModelController.Controller.DB.Relational.Operations.SqlPrintOperations - A_authorset reference to table A_id
DEBUG AWT-EventQueue-0 Converter.ModelController.Controller.DB.Relational.Operations.SqlPrintOperations - A_authorset reference to table author_id
DEBUG AWT-EventQueue-0 Converter.ModelController.Controller.DB.Relational.Operations.SqlPrintOperations - End reference script generation
DEBUG AWT-EventQueue-0 Converter.ModelController.Controller.DB.Relational.Operations.SqlPrintOperations - A_id '57edac991b815a4aca5850fb8100098f'
DEBUG AWT-EventQueue-0 Converter.ModelController.Controller.DB.Relational.Operations.SqlPrintOperations - author_id '2'
DEBUG AWT-EventQueue-0 Converter.ModelController.Controller.DB.Relational.Operations.SqlPrintOperations - A_id '57edac991b815a4aca5850fb8100098f'
DEBUG AWT-EventQueue-0 Converter.ModelController.Controller.DB.Relational.Operations.SqlPrintOperations - author_id '1'
DEBUG AWT-EventQueue-0 Converter.ModelController.Controller.DB.Relational.Operations.SqlPrintOperations - A_id '57edac991b815a4aca5850fb81001289'
DEBUG AWT-EventQueue-0 Converter.ModelController.Controller.DB.Relational.Operations.SqlPrintOperations - author_id '1'
DEBUG AWT-EventQueue-0 Converter.ModelController.Controller.DB.Relational.Operations.SqlPrintOperations - A_id '57edac991b815a4aca5850fb81001289'
DEBUG AWT-EventQueue-0 Converter.ModelController.Controller.DB.Relational.Operations.SqlPrintOperations - author_id '2'
DEBUG AWT-EventQueue-0 Converter.ModelController.Controller.DB.Relational.Operations.SqlPrintOperations - pages '-27776'
DEBUG AWT-EventQueue-0 Converter.ModelController.Controller.DB.Relational.Operations.SqlPrintOperations - A_PK '57edac991b815a4aca5850fb81001289'
DEBUG AWT-EventQueue-0 Converter.ModelController.Controller.DB.Relational.Operations.SqlPrintOperations - _rev '2-f1b492115a8d2c66b4bb013100267841'
DEBUG AWT-EventQueue-0 Converter.ModelController.Controller.DB.Relational.Operations.SqlPrintOperations - language 'English'
DEBUG AWT-EventQueue-0 Converter.ModelController.Controller.DB.Relational.Operations.SqlPrintOperations - title '50 Tips and Tricks for MongoDB Developer'
DEBUG AWT-EventQueue-0 Converter.ModelController.Controller.DB.Relational.Operations.SqlPrintOperations - published_date '2011-01-08 02:20:20'
DEBUG AWT-EventQueue-0 Converter.ModelController.Controller.DB.Relational.Operations.SqlPrintOperations - pages '216'
DEBUG AWT-EventQueue-0 Converter.ModelController.Controller.DB.Relational.Operations.SqlPrintOperations - A_PK '57edac991b815a4aca5850fb8100098f'
DEBUG AWT-EventQueue-0 Converter.ModelController.Controller.DB.Relational.Operations.SqlPrintOperations - _rev '2-0bd907bbcbca032877f1e3367b43fa75'
DEBUG AWT-EventQueue-0 Converter.ModelController.Controller.DB.Relational.Operations.SqlPrintOperations - language 'English'
DEBUG AWT-EventQueue-0 Converter.ModelController.Controller.DB.Relational.Operations.SqlPrintOperations - title 'MongoDB: The Definitive Guide'
DEBUG AWT-EventQueue-0 Converter.ModelController.Controller.DB.Relational.Operations.SqlPrintOperations - published_date '2010-09-25 44:20.20'
DEBUG AWT-EventQueue-0 Converter.ModelController.Controller.DB.Relational.Operations.SqlPrintOperations - author_value 'Kristina Chodorow'
DEBUG AWT-EventQueue-0 Converter.ModelController.Controller.DB.Relational.Operations.SqlPrintOperations - author_PK '1'
DEBUG AWT-EventQueue-0 Converter.ModelController.Controller.DB.Relational.Operations.SqlPrintOperations - author_value 'Mike Dirolf'
DEBUG AWT-EventQueue-0 Converter.ModelController.Controller.DB.Relational.Operations.SqlPrintOperations - author_PK '2'
DEBUG AWT-EventQueue-0 Converter.ModelController.Controller.DB.Relational.Operations.SqlPrintOperations - End insert script generation
