DEBUG AWT-EventQueue-0 org.apache.http.impl.conn.PoolingHttpClientConnectionManager - Connection leased: [id: 0][route: {}->http://127.0.0.1:5984][total kept alive: 0; route allocated: 1 of 2; total allocated: 1 of 20]
DEBUG AWT-EventQueue-0 org.apache.http.impl.execchain.MainClientExec - Opening connection {}->http://127.0.0.1:5984
DEBUG AWT-EventQueue-0 org.apache.http.impl.conn.HttpClientConnectionOperator - Connecting to /127.0.0.1:5984
DEBUG AWT-EventQueue-0 org.apache.http.impl.conn.HttpClientConnectionOperator - Connection established 127.0.0.1:21620<->127.0.0.1:5984
DEBUG AWT-EventQueue-0 org.apache.http.impl.execchain.MainClientExec - Executing request GET /watertankdb HTTP/1.1
DEBUG AWT-EventQueue-0 org.apache.http.impl.execchain.MainClientExec - Target auth state: CHALLENGED
DEBUG AWT-EventQueue-0 org.apache.http.impl.execchain.MainClientExec - Proxy auth state: UNCHALLENGED
DEBUG AWT-EventQueue-0 org.apache.http.headers - http-outgoing-0 >> GET /watertankdb HTTP/1.1
DEBUG AWT-EventQueue-0 org.apache.http.headers - http-outgoing-0 >> Accept: application/json
DEBUG AWT-EventQueue-0 org.apache.http.headers - http-outgoing-0 >> Host: 127.0.0.1:5984
DEBUG AWT-EventQueue-0 org.apache.http.headers - http-outgoing-0 >> Connection: Keep-Alive
DEBUG AWT-EventQueue-0 org.apache.http.headers - http-outgoing-0 >> User-Agent: Apache-HttpClient/4.3.3 (java 1.5)
DEBUG AWT-EventQueue-0 org.apache.http.headers - http-outgoing-0 >> Accept-Encoding: gzip,deflate
DEBUG AWT-EventQueue-0 org.apache.http.headers - http-outgoing-0 >> Authorization: Basic YWRtaW46YWRtaW4=
DEBUG AWT-EventQueue-0 org.apache.http.wire - http-outgoing-0 >> "GET /watertankdb HTTP/1.1[\r][\n]"
DEBUG AWT-EventQueue-0 org.apache.http.wire - http-outgoing-0 >> "Accept: application/json[\r][\n]"
DEBUG AWT-EventQueue-0 org.apache.http.wire - http-outgoing-0 >> "Host: 127.0.0.1:5984[\r][\n]"
DEBUG AWT-EventQueue-0 org.apache.http.wire - http-outgoing-0 >> "Connection: Keep-Alive[\r][\n]"
DEBUG AWT-EventQueue-0 org.apache.http.wire - http-outgoing-0 >> "User-Agent: Apache-HttpClient/4.3.3 (java 1.5)[\r][\n]"
DEBUG AWT-EventQueue-0 org.apache.http.wire - http-outgoing-0 >> "Accept-Encoding: gzip,deflate[\r][\n]"
DEBUG AWT-EventQueue-0 org.apache.http.wire - http-outgoing-0 >> "Authorization: Basic YWRtaW46YWRtaW4=[\r][\n]"
DEBUG AWT-EventQueue-0 org.apache.http.wire - http-outgoing-0 >> "[\r][\n]"
DEBUG AWT-EventQueue-0 org.apache.http.wire - http-outgoing-0 << "HTTP/1.1 200 OK[\r][\n]"
DEBUG AWT-EventQueue-0 org.apache.http.wire - http-outgoing-0 << "Server: CouchDB/1.6.1 (Erlang OTP/R16B02)[\r][\n]"
DEBUG AWT-EventQueue-0 org.apache.http.wire - http-outgoing-0 << "Date: Sun, 05 Oct 2014 15:45:54 GMT[\r][\n]"
DEBUG AWT-EventQueue-0 org.apache.http.wire - http-outgoing-0 << "Content-Type: application/json[\r][\n]"
DEBUG AWT-EventQueue-0 org.apache.http.wire - http-outgoing-0 << "Content-Length: 238[\r][\n]"
DEBUG AWT-EventQueue-0 org.apache.http.wire - http-outgoing-0 << "Cache-Control: must-revalidate[\r][\n]"
DEBUG AWT-EventQueue-0 org.apache.http.wire - http-outgoing-0 << "[\r][\n]"
DEBUG AWT-EventQueue-0 org.apache.http.headers - http-outgoing-0 << HTTP/1.1 200 OK
DEBUG AWT-EventQueue-0 org.apache.http.headers - http-outgoing-0 << Server: CouchDB/1.6.1 (Erlang OTP/R16B02)
DEBUG AWT-EventQueue-0 org.apache.http.headers - http-outgoing-0 << Date: Sun, 05 Oct 2014 15:45:54 GMT
DEBUG AWT-EventQueue-0 org.apache.http.headers - http-outgoing-0 << Content-Type: application/json
DEBUG AWT-EventQueue-0 org.apache.http.headers - http-outgoing-0 << Content-Length: 238
DEBUG AWT-EventQueue-0 org.apache.http.headers - http-outgoing-0 << Cache-Control: must-revalidate
DEBUG AWT-EventQueue-0 org.apache.http.impl.execchain.MainClientExec - Connection can be kept alive indefinitely
DEBUG AWT-EventQueue-0 org.apache.http.impl.auth.HttpAuthenticator - Authentication succeeded
INFO AWT-EventQueue-0 org.lightcouch.CouchDbClient - < Status: 200
DEBUG AWT-EventQueue-0 org.apache.http.wire - http-outgoing-0 << "{"db_name":"watertankdb","doc_count":3,"doc_del_count":2,"update_seq":11,"purge_seq":0,"compact_running":false,"disk_size":45160,"data_size":1369,"instance_start_time":"1412521800029923","disk_format_version":6,"committed_update_seq":11}[\n]"
DEBUG AWT-EventQueue-0 org.apache.http.impl.conn.PoolingHttpClientConnectionManager - Connection [id: 0][route: {}->http://127.0.0.1:5984] can be kept alive indefinitely
DEBUG AWT-EventQueue-0 org.apache.http.impl.conn.PoolingHttpClientConnectionManager - Connection released: [id: 0][route: {}->http://127.0.0.1:5984][total kept alive: 1; route allocated: 1 of 2; total allocated: 1 of 20]
INFO AWT-EventQueue-0 org.lightcouch.CouchDbClient - > GET/watertankdb/_design/type/_view/type
DEBUG AWT-EventQueue-0 org.apache.http.client.protocol.RequestAddCookies - CookieSpec selected: best-match
DEBUG AWT-EventQueue-0 org.apache.http.client.protocol.RequestAuthCache - Re-using cached 'basic' auth scheme for http://127.0.0.1:5984
DEBUG AWT-EventQueue-0 org.apache.http.impl.conn.PoolingHttpClientConnectionManager - Connection request: [route: {}->http://127.0.0.1:5984][total kept alive: 1; route allocated: 1 of 2; total allocated: 1 of 20]
DEBUG AWT-EventQueue-0 org.apache.http.impl.conn.PoolingHttpClientConnectionManager - Connection leased: [id: 0][route: {}->http://127.0.0.1:5984][total kept alive: 0; route allocated: 1 of 2; total allocated: 1 of 20]
DEBUG AWT-EventQueue-0 org.apache.http.impl.execchain.MainClientExec - Stale connection check
DEBUG AWT-EventQueue-0 org.apache.http.wire - http-outgoing-0 << "[read] I/O error: Read timed out"
DEBUG AWT-EventQueue-0 org.apache.http.impl.execchain.MainClientExec - Executing request GET /watertankdb/_design/type/_view/type HTTP/1.1
DEBUG AWT-EventQueue-0 org.apache.http.impl.execchain.MainClientExec - Target auth state: CHALLENGED
DEBUG AWT-EventQueue-0 org.apache.http.impl.execchain.MainClientExec - Proxy auth state: UNCHALLENGED
DEBUG AWT-EventQueue-0 org.apache.http.headers - http-outgoing-0 >> GET /watertankdb/_design/type/_view/type HTTP/1.1
DEBUG AWT-EventQueue-0 org.apache.http.headers - http-outgoing-0 >> Accept: application/json
DEBUG AWT-EventQueue-0 org.apache.http.headers - http-outgoing-0 >> Host: 127.0.0.1:5984
DEBUG AWT-EventQueue-0 org.apache.http.headers - http-outgoing-0 >> Connection: Keep-Alive
DEBUG AWT-EventQueue-0 org.apache.http.headers - http-outgoing-0 >> User-Agent: Apache-HttpClient/4.3.3 (java 1.5)
DEBUG AWT-EventQueue-0 org.apache.http.headers - http-outgoing-0 >> Accept-Encoding: gzip,deflate
DEBUG AWT-EventQueue-0 org.apache.http.headers - http-outgoing-0 >> Authorization: Basic YWRtaW46YWRtaW4=
DEBUG AWT-EventQueue-0 org.apache.http.wire - http-outgoing-0 >> "GET /watertankdb/_design/type/_view/type HTTP/1.1[\r][\n]"
DEBUG AWT-EventQueue-0 org.apache.http.wire - http-outgoing-0 >> "Accept: application/json[\r][\n]"
DEBUG AWT-EventQueue-0 org.apache.http.wire - http-outgoing-0 >> "Host: 127.0.0.1:5984[\r][\n]"
DEBUG AWT-EventQueue-0 org.apache.http.wire - http-outgoing-0 >> "Connection: Keep-Alive[\r][\n]"
DEBUG AWT-EventQueue-0 org.apache.http.wire - http-outgoing-0 >> "User-Agent: Apache-HttpClient/4.3.3 (java 1.5)[\r][\n]"
DEBUG AWT-EventQueue-0 org.apache.http.wire - http-outgoing-0 >> "Accept-Encoding: gzip,deflate[\r][\n]"
DEBUG AWT-EventQueue-0 org.apache.http.wire - http-outgoing-0 >> "Authorization: Basic YWRtaW46YWRtaW4=[\r][\n]"
DEBUG AWT-EventQueue-0 org.apache.http.wire - http-outgoing-0 >> "[\r][\n]"
DEBUG AWT-EventQueue-0 org.apache.http.wire - http-outgoing-0 << "HTTP/1.1 200 OK[\r][\n]"
DEBUG AWT-EventQueue-0 org.apache.http.wire - http-outgoing-0 << "Transfer-Encoding: chunked[\r][\n]"
DEBUG AWT-EventQueue-0 org.apache.http.wire - http-outgoing-0 << "Server: CouchDB/1.6.1 (Erlang OTP/R16B02)[\r][\n]"
DEBUG AWT-EventQueue-0 org.apache.http.wire - http-outgoing-0 << "ETag: "AMLGX4J2R4TSVSCDD8J6ZSGRU"[\r][\n]"
DEBUG AWT-EventQueue-0 org.apache.http.wire - http-outgoing-0 << "Date: Sun, 05 Oct 2014 15:45:54 GMT[\r][\n]"
DEBUG AWT-EventQueue-0 org.apache.http.wire - http-outgoing-0 << "Content-Type: application/json[\r][\n]"
DEBUG AWT-EventQueue-0 org.apache.http.wire - http-outgoing-0 << "Cache-Control: must-revalidate[\r][\n]"
DEBUG AWT-EventQueue-0 org.apache.http.wire - http-outgoing-0 << "[\r][\n]"
DEBUG AWT-EventQueue-0 org.apache.http.headers - http-outgoing-0 << HTTP/1.1 200 OK
DEBUG AWT-EventQueue-0 org.apache.http.headers - http-outgoing-0 << Transfer-Encoding: chunked
DEBUG AWT-EventQueue-0 org.apache.http.headers - http-outgoing-0 << Server: CouchDB/1.6.1 (Erlang OTP/R16B02)
DEBUG AWT-EventQueue-0 org.apache.http.headers - http-outgoing-0 << ETag: "AMLGX4J2R4TSVSCDD8J6ZSGRU"
DEBUG AWT-EventQueue-0 org.apache.http.headers - http-outgoing-0 << Date: Sun, 05 Oct 2014 15:45:54 GMT
DEBUG AWT-EventQueue-0 org.apache.http.headers - http-outgoing-0 << Content-Type: application/json
DEBUG AWT-EventQueue-0 org.apache.http.headers - http-outgoing-0 << Cache-Control: must-revalidate
DEBUG AWT-EventQueue-0 org.apache.http.impl.execchain.MainClientExec - Connection can be kept alive indefinitely
DEBUG AWT-EventQueue-0 org.apache.http.impl.auth.HttpAuthenticator - Authentication succeeded
INFO AWT-EventQueue-0 org.lightcouch.CouchDbClient - < Status: 200
DEBUG AWT-EventQueue-0 org.apache.http.wire - http-outgoing-0 << "25[\r][\n]"
DEBUG AWT-EventQueue-0 org.apache.http.wire - http-outgoing-0 << "{"total_rows":2,"offset":0,"rows":[[\r][\n]"
DEBUG AWT-EventQueue-0 org.apache.http.wire - http-outgoing-0 << "[\r][\n]"
DEBUG AWT-EventQueue-0 org.apache.http.wire - http-outgoing-0 << "fa[\r][\n]"
DEBUG AWT-EventQueue-0 org.apache.http.wire - http-outgoing-0 << "{"id":"2","key":"water_tank","value":{"_id":"2","_rev":"4-3805d633cf72c3ab96cda396b3360edd","size_in_liters":55,"owner":"mr xyz","refill_date":"2010-09-25 07:44:20","schedule_refill":"2010-12-11 09:30:20","storage_location":"B3","type":"water_tank"}}[\r][\n]"
DEBUG AWT-EventQueue-0 org.apache.http.wire - http-outgoing-0 << "ca[\r][\n]"
DEBUG AWT-EventQueue-0 org.apache.http.wire - http-outgoing-0 << ",[\r][\n]"
DEBUG AWT-EventQueue-0 org.apache.http.wire - http-outgoing-0 << "{"id":"5","key":"water_tank","value":{"_id":"5","_rev":"4-75427fe4f3a4e3c04cb1f7f4b4b5fcb9","size_in_liters":120.5,"refill_date":null,"schedule_refill":null,"storage_location":7,"type":"water_tank"}}[\r][\n]"
DEBUG AWT-EventQueue-0 org.apache.http.wire - http-outgoing-0 << "4[\r][\n]"
DEBUG AWT-EventQueue-0 org.apache.http.wire - http-outgoing-0 << "[\r][\n]"
DEBUG AWT-EventQueue-0 org.apache.http.wire - http-outgoing-0 << "]}[\r][\n]"
DEBUG AWT-EventQueue-0 org.apache.http.wire - http-outgoing-0 << "1[\r][\n]"
DEBUG AWT-EventQueue-0 org.apache.http.wire - http-outgoing-0 << "[\n]"
DEBUG AWT-EventQueue-0 org.apache.http.wire - http-outgoing-0 << "[\r][\n]"
DEBUG AWT-EventQueue-0 org.apache.http.wire - http-outgoing-0 << "0[\r][\n]"
DEBUG AWT-EventQueue-0 org.apache.http.wire - http-outgoing-0 << "[\r][\n]"
DEBUG AWT-EventQueue-0 org.apache.http.impl.conn.PoolingHttpClientConnectionManager - Connection [id: 0][route: {}->http://127.0.0.1:5984] can be kept alive indefinitely
DEBUG AWT-EventQueue-0 org.apache.http.impl.conn.PoolingHttpClientConnectionManager - Connection released: [id: 0][route: {}->http://127.0.0.1:5984][total kept alive: 1; route allocated: 1 of 2; total allocated: 1 of 20]
DEBUG AWT-EventQueue-0 Converter.ModelController.Controller.DB.Relational.Operations.RelationalDataBaseOperations - owner VARCHAR(24)
DEBUG AWT-EventQueue-0 Converter.ModelController.Controller.DB.Relational.Operations.RelationalDataBaseOperations - refill_date DATETIME
DEBUG AWT-EventQueue-0 Converter.ModelController.Controller.DB.Relational.Operations.RelationalDataBaseOperations - storage_location INT
DEBUG AWT-EventQueue-0 Converter.ModelController.Controller.DB.Relational.Operations.RelationalDataBaseOperations - size_in_liters DOUBLE
DEBUG AWT-EventQueue-0 Converter.ModelController.Controller.DB.Relational.Operations.RelationalDataBaseOperations - schedule_refill DATETIME
DEBUG AWT-EventQueue-0 Converter.ModelController.Controller.DB.Relational.Operations.RelationalDataBaseOperations - _rev VARCHAR(120)
DEBUG AWT-EventQueue-0 Converter.ModelController.Controller.DB.Relational.Operations.RelationalDataBaseOperations - water_tank_PK VARCHAR(24)
DEBUG AWT-EventQueue-0 Converter.ModelController.Controller.DB.Relational.Operations.RelationalDataBaseOperations - end creating schema script
DEBUG AWT-EventQueue-0 Converter.ModelController.Controller.DB.Relational.Operations.RelationalDataBaseOperations - End reference script generation
DEBUG AWT-EventQueue-0 Converter.ModelController.Controller.DB.Relational.Operations.RelationalDataBaseOperations - owner 'mr xyz'
DEBUG AWT-EventQueue-0 Converter.ModelController.Controller.DB.Relational.Operations.RelationalDataBaseOperations - refill_date '2010-01-25 07:44:20'
DEBUG AWT-EventQueue-0 Converter.ModelController.Controller.DB.Relational.Operations.RelationalDataBaseOperations - storage_location 'B3'
DEBUG AWT-EventQueue-0 Converter.ModelController.Controller.DB.Relational.Operations.RelationalDataBaseOperations - size_in_liters '55'
DEBUG AWT-EventQueue-0 Converter.ModelController.Controller.DB.Relational.Operations.RelationalDataBaseOperations - schedule_refill '2010-01-11 09:30:20'
DEBUG AWT-EventQueue-0 Converter.ModelController.Controller.DB.Relational.Operations.RelationalDataBaseOperations - _rev '4-3805d633cf72c3ab96cda396b3360edd'
DEBUG AWT-EventQueue-0 Converter.ModelController.Controller.DB.Relational.Operations.RelationalDataBaseOperations - water_tank_PK '2'
DEBUG AWT-EventQueue-0 Converter.ModelController.Controller.DB.Relational.Operations.RelationalDataBaseOperations - refill_date NULL
DEBUG AWT-EventQueue-0 Converter.ModelController.Controller.DB.Relational.Operations.RelationalDataBaseOperations - storage_location '7'
DEBUG AWT-EventQueue-0 Converter.ModelController.Controller.DB.Relational.Operations.RelationalDataBaseOperations - size_in_liters '120.5'
DEBUG AWT-EventQueue-0 Converter.ModelController.Controller.DB.Relational.Operations.RelationalDataBaseOperations - schedule_refill NULL
DEBUG AWT-EventQueue-0 Converter.ModelController.Controller.DB.Relational.Operations.RelationalDataBaseOperations - _rev '4-75427fe4f3a4e3c04cb1f7f4b4b5fcb9'
DEBUG AWT-EventQueue-0 Converter.ModelController.Controller.DB.Relational.Operations.RelationalDataBaseOperations - water_tank_PK '5'
DEBUG AWT-EventQueue-0 Converter.ModelController.Controller.DB.Relational.Operations.RelationalDataBaseOperations - End insert script generation
